<?xml version="1.0" encoding="UTF-8" ?>
<testsuites>
  <testsuite errors="0" failures="0" hostname="Amma-Nanna-PC" id="0" name="MyAssertArrayEqualsTest" package="com.ant.project" skipped="0" tests="1" time="0.112" timestamp="2017-06-06T02:37:31">
      <properties>
[...]
</properties>

      <testcase classname="com.ant.project.MyAssertArrayEqualsTest" name="myTestMethod" time="0.004" />

      <system-out><![CDATA[]]></system-out>

      <system-err><![CDATA[]]></system-err>

  </testsuite>
  <testsuite errors="1" failures="0" hostname="Amma-Nanna-PC" id="1" name="Test" package="com.ant.project" skipped="0" tests="1" time="0.129" timestamp="2017-06-06T02:37:32">
      <properties>
[...]
</properties>

      <testcase classname="com.ant.project.Test" name="initializationError" time="0.009">
          <error message="No runnable methods" type="java.lang.Exception">java.lang.Exception: No runnable methods
	at java.lang.reflect.Constructor.newInstance(Constructor.java:526)
</error>

      </testcase>

      <system-out><![CDATA[]]></system-out>

      <system-err><![CDATA[]]></system-err>

  </testsuite>
</testsuites>
